# JRE version: Java(TM) SE Runtime Environment (8.0_321-b07) (build 1.8.0_321-b07)
# Java VM: Java HotSpot(TM) 64-Bit Server VM (25.321-b07 mixed mode windows-amd64 compressed oops)
Heap:
 PSYoungGen      total 106496K, used 10120K [0x0000000780780000, 0x000000078dd80000, 0x00000007c0000000)
  eden space 98304K, 1% used [0x0000000780780000,0x0000000780964708,0x0000000786780000)
  from space 8192K, 99% used [0x0000000786780000,0x0000000786f7dbe0,0x0000000786f80000)
  to   space 11264K, 0% used [0x000000078d280000,0x000000078d280000,0x000000078dd80000)
 ParOldGen       total 131072K, used 3098K [0x0000000701600000, 0x0000000709600000, 0x0000000780780000)
  object space 131072K, 2% used [0x0000000701600000,0x00000007019068a0,0x0000000709600000)
 Metaspace       used 7851K, capacity 8460K, committed 8576K, reserved 1056768K
  class space    used 823K, capacity 868K, committed 896K, reserved 1048576K
GC Heap History (10 events):
Event: 0.572 GC heap before
{Heap before GC invocations=1 (full 0):
 PSYoungGen      total 57344K, used 49152K [0x0000000780780000, 0x0000000784780000, 0x00000007c0000000)
  eden space 49152K, 100% used [0x0000000780780000,0x0000000783780000,0x0000000783780000)
  from space 8192K, 0% used [0x0000000783f80000,0x0000000783f80000,0x0000000784780000)
  to   space 8192K, 0% used [0x0000000783780000,0x0000000783780000,0x0000000783f80000)
 ParOldGen       total 131072K, used 0K [0x0000000701600000, 0x0000000709600000, 0x0000000780780000)
  object space 131072K, 0% used [0x0000000701600000,0x0000000701600000,0x0000000709600000)
 Metaspace       used 5910K, capacity 6988K, committed 7168K, reserved 1056768K
  class space    used 627K, capacity 648K, committed 768K, reserved 1048576K
Event: 0.577 GC heap after
Heap after GC invocations=1 (full 0):
 PSYoungGen      total 57344K, used 8184K [0x0000000780780000, 0x0000000784780000, 0x00000007c0000000)
  eden space 49152K, 0% used [0x0000000780780000,0x0000000780780000,0x0000000783780000)
  from space 8192K, 99% used [0x0000000783780000,0x0000000783f7e0c8,0x0000000783f80000)
  to   space 8192K, 0% used [0x0000000783f80000,0x0000000783f80000,0x0000000784780000)
 ParOldGen       total 131072K, used 129K [0x0000000701600000, 0x0000000709600000, 0x0000000780780000)
  object space 131072K, 0% used [0x0000000701600000,0x00000007016207c8,0x0000000709600000)
 Metaspace       used 5910K, capacity 6988K, committed 7168K, reserved 1056768K
  class space    used 627K, capacity 648K, committed 768K, reserved 1048576K
}
Event: 0.705 GC heap before
{Heap before GC invocations=2 (full 0):
 PSYoungGen      total 57344K, used 57336K [0x0000000780780000, 0x0000000784780000, 0x00000007c0000000)
  eden space 49152K, 100% used [0x0000000780780000,0x0000000783780000,0x0000000783780000)
  from space 8192K, 99% used [0x0000000783780000,0x0000000783f7e0c8,0x0000000783f80000)
  to   space 8192K, 0% used [0x0000000783f80000,0x0000000783f80000,0x0000000784780000)
 ParOldGen       total 131072K, used 129K [0x0000000701600000, 0x0000000709600000, 0x0000000780780000)
  object space 131072K, 0% used [0x0000000701600000,0x00000007016207c8,0x0000000709600000)
 Metaspace       used 6024K, capacity 7116K, committed 7424K, reserved 1056768K
  class space    used 627K, capacity 648K, committed 768K, reserved 1048576K
Event: 0.708 GC heap after
Heap after GC invocations=2 (full 0):
 PSYoungGen      total 57344K, used 5726K [0x0000000780780000, 0x0000000787780000, 0x00000007c0000000)
  eden space 49152K, 0% used [0x0000000780780000,0x0000000780780000,0x0000000783780000)
  from space 8192K, 69% used [0x0000000783f80000,0x0000000784517b78,0x0000000784780000)
  to   space 8192K, 0% used [0x0000000783780000,0x0000000783780000,0x0000000783f80000)
 ParOldGen       total 131072K, used 137K [0x0000000701600000, 0x0000000709600000, 0x0000000780780000)
  object space 131072K, 0% used [0x0000000701600000,0x00000007016227c8,0x0000000709600000)
 Metaspace       used 6024K, capacity 7116K, committed 7424K, reserved 1056768K
  class space    used 627K, capacity 648K, committed 768K, reserved 1048576K
}
Event: 0.785 GC heap before
{Heap before GC invocations=3 (full 0):
 PSYoungGen      total 57344K, used 54878K [0x0000000780780000, 0x0000000787780000, 0x00000007c0000000)
  eden space 49152K, 100% used [0x0000000780780000,0x0000000783780000,0x0000000783780000)
  from space 8192K, 69% used [0x0000000783f80000,0x0000000784517b78,0x0000000784780000)
  to   space 8192K, 0% used [0x0000000783780000,0x0000000783780000,0x0000000783f80000)
 ParOldGen       total 131072K, used 137K [0x0000000701600000, 0x0000000709600000, 0x0000000780780000)
  object space 131072K, 0% used [0x0000000701600000,0x00000007016227c8,0x0000000709600000)
 Metaspace       used 6133K, capacity 7128K, committed 7424K, reserved 1056768K
  class space    used 636K, capacity 650K, committed 768K, reserved 1048576K
Event: 0.788 GC heap after
Heap after GC invocations=3 (full 0):
 PSYoungGen      total 57344K, used 6358K [0x0000000780780000, 0x0000000787780000, 0x00000007c0000000)
  eden space 49152K, 0% used [0x0000000780780000,0x0000000780780000,0x0000000783780000)
  from space 8192K, 77% used [0x0000000783780000,0x0000000783db5820,0x0000000783f80000)
  to   space 8192K, 0% used [0x0000000786f80000,0x0000000786f80000,0x0000000787780000)
 ParOldGen       total 131072K, used 145K [0x0000000701600000, 0x0000000709600000, 0x0000000780780000)
  object space 131072K, 0% used [0x0000000701600000,0x00000007016247c8,0x0000000709600000)
 Metaspace       used 6133K, capacity 7128K, committed 7424K, reserved 1056768K
  class space    used 636K, capacity 650K, committed 768K, reserved 1048576K
}
Event: 0.868 GC heap before
{Heap before GC invocations=4 (full 0):
 PSYoungGen      total 57344K, used 55510K [0x0000000780780000, 0x0000000787780000, 0x00000007c0000000)
  eden space 49152K, 100% used [0x0000000780780000,0x0000000783780000,0x0000000783780000)
  from space 8192K, 77% used [0x0000000783780000,0x0000000783db5820,0x0000000783f80000)
  to   space 8192K, 0% used [0x0000000786f80000,0x0000000786f80000,0x0000000787780000)
 ParOldGen       total 131072K, used 145K [0x0000000701600000, 0x0000000709600000, 0x0000000780780000)
  object space 131072K, 0% used [0x0000000701600000,0x00000007016247c8,0x0000000709600000)
 Metaspace       used 6220K, capacity 7192K, committed 7424K, reserved 1056768K
  class space    used 636K, capacity 650K, committed 768K, reserved 1048576K
Event: 0.872 GC heap after
Heap after GC invocations=4 (full 0):
 PSYoungGen      total 106496K, used 6938K [0x0000000780780000, 0x0000000787780000, 0x00000007c0000000)
  eden space 98304K, 0% used [0x0000000780780000,0x0000000780780000,0x0000000786780000)
  from space 8192K, 84% used [0x0000000786f80000,0x00000007876469c0,0x0000000787780000)
  to   space 8192K, 0% used [0x0000000786780000,0x0000000786780000,0x0000000786f80000)
 ParOldGen       total 131072K, used 153K [0x0000000701600000, 0x0000000709600000, 0x0000000780780000)
  object space 131072K, 0% used [0x0000000701600000,0x00000007016267c8,0x0000000709600000)
 Metaspace       used 6220K, capacity 7192K, committed 7424K, reserved 1056768K
  class space    used 636K, capacity 650K, committed 768K, reserved 1048576K
}
Event: 1.397 GC heap before
{Heap before GC invocations=5 (full 0):
 PSYoungGen      total 106496K, used 105242K [0x0000000780780000, 0x0000000787780000, 0x00000007c0000000)
  eden space 98304K, 100% used [0x0000000780780000,0x0000000786780000,0x0000000786780000)
  from space 8192K, 84% used [0x0000000786f80000,0x00000007876469c0,0x0000000787780000)
  to   space 8192K, 0% used [0x0000000786780000,0x0000000786780000,0x0000000786f80000)
 ParOldGen       total 131072K, used 153K [0x0000000701600000, 0x0000000709600000, 0x0000000780780000)
  object space 131072K, 0% used [0x0000000701600000,0x00000007016267c8,0x0000000709600000)
 Metaspace       used 7814K, capacity 8460K, committed 8576K, reserved 1056768K
  class space    used 820K, capacity 868K, committed 896K, reserved 1048576K
Event: 1.405 GC heap after
Heap after GC invocations=5 (full 0):
 PSYoungGen      total 106496K, used 8182K [0x0000000780780000, 0x000000078dd80000, 0x00000007c0000000)
  eden space 98304K, 0% used [0x0000000780780000,0x0000000780780000,0x0000000786780000)
  from space 8192K, 99% used [0x0000000786780000,0x0000000786f7dbe0,0x0000000786f80000)
  to   space 11264K, 0% used [0x000000078d280000,0x000000078d280000,0x000000078dd80000)
 ParOldGen       total 131072K, used 3098K [0x0000000701600000, 0x0000000709600000, 0x0000000780780000)
  object space 131072K, 2% used [0x0000000701600000,0x00000007019068a0,0x0000000709600000)
 Metaspace       used 7814K, capacity 8460K, committed 8576K, reserved 1056768K
  class space    used 820K, capacity 868K, committed 896K, reserved 1048576K
}

